<?xml version="1.0" encoding="UTF-8"?>
<!-- Generated by org.testng.reporters.JUnitReportReporter -->
<testsuite hostname="LAPTOP-P1V0BM9T" failures="0" tests="2" name="TestSuite.FunctionalCases" time="42.554" errors="0" timestamp="2025-02-12T09:10:27 IST" skipped="0">
  <testcase classname="TestSuite.FunctionalCases" name="Weeks52LowAndHighValuesValidationTest" time="21.091"/>
  <testcase classname="TestSuite.FunctionalCases" name="Weeks52LowAndHighValuesValidationTest" time="21.463"/>
</testsuite> <!-- TestSuite.FunctionalCases -->
